Build started 4/16/2012 11:00:42 PM.
     1>Project "C:\Users\Me\Documents\Important\School\y2s2\COMP308\Env\COMP308-Assignment-3\PART2\spaceship\spaceship\spaceship.vcxproj" on node 2 (build target(s)).
     1>InitializeBuildStatus:
         Creating "Debug\spaceship.unsuccessfulbuild" because "AlwaysCreate" was specified.
       ClCompile:
         C:\Program Files (x86)\Microsoft Visual Studio 10.0\VC\bin\CL.exe /c /I"C:\Program Files\Microsoft Platform SDK\Include" /I"C:\Program Files (x86)\NVIDIA Corporation\Cg\include" /ZI /nologo /W3 /WX- /Od /Oy- /D WIN32 /D _DEBUG /D _CONSOLE /D _UNICODE /D UNICODE /Gm /EHsc /RTC1 /MDd /GS /fp:precise /Zc:wchar_t /Zc:forScope /Fo"Debug\\" /Fd"Debug\vc100.pdb" /Gd /TC /analyze- /errorReport:prompt spaceship.c
         spaceship.c
       ManifestResourceCompile:
         All outputs are up-to-date.
       Link:
         C:\Program Files (x86)\Microsoft Visual Studio 10.0\VC\bin\link.exe /ERRORREPORT:PROMPT /OUT:"C:\Users\Me\Documents\Important\School\y2s2\COMP308\Env\COMP308-Assignment-3\PART2\spaceship\Debug\spaceship.exe" /INCREMENTAL /NOLOGO /LIBPATH:"C:\Program Files\Microsoft Platform SDK\Lib" /LIBPATH:"C:\Program Files (x86)\NVIDIA Corporation\Cg\lib" kernel32.lib user32.lib gdi32.lib winspool.lib comdlg32.lib advapi32.lib shell32.lib ole32.lib oleaut32.lib uuid.lib odbc32.lib odbccp32.lib /MANIFEST /ManifestFile:"Debug\spaceship.exe.intermediate.manifest" /MANIFESTUAC:"level='asInvoker' uiAccess='false'" /DEBUG /PDB:"C:\Users\Me\Documents\Important\School\y2s2\COMP308\Env\COMP308-Assignment-3\PART2\spaceship\Debug\spaceship.pdb" /SUBSYSTEM:CONSOLE /TLBID:1 /DYNAMICBASE /NXCOMPAT /IMPLIB:"C:\Users\Me\Documents\Important\School\y2s2\COMP308\Env\COMP308-Assignment-3\PART2\spaceship\Debug\spaceship.lib" /MACHINE:X86 Debug\spaceship.exe.embed.manifest.res
         Debug\spaceship.obj
       Manifest:
         C:\Program Files (x86)\Microsoft SDKs\Windows\v7.0A\bin\mt.exe /nologo /verbose /out:"Debug\spaceship.exe.embed.manifest" /manifest Debug\spaceship.exe.intermediate.manifest
         All outputs are up-to-date.
       LinkEmbedManifest:
         All outputs are up-to-date.
         spaceship.vcxproj -> C:\Users\Me\Documents\Important\School\y2s2\COMP308\Env\COMP308-Assignment-3\PART2\spaceship\Debug\spaceship.exe
       FinalizeBuildStatus:
         Deleting file "Debug\spaceship.unsuccessfulbuild".
         Touching "Debug\spaceship.lastbuildstate".
     1>Done Building Project "C:\Users\Me\Documents\Important\School\y2s2\COMP308\Env\COMP308-Assignment-3\PART2\spaceship\spaceship\spaceship.vcxproj" (build target(s)).

Build succeeded.

Time Elapsed 00:00:01.18
