Build started 4/17/2012 3:40:06 PM.
     1>Project "C:\Users\Me\Documents\Important\School\y2s2\COMP308\Env\COMP308-Assignment-3\PART2\Q2\spaceship\spaceship.vcxproj" on node 2 (build target(s)).
     1>InitializeBuildStatus:
         Creating "Debug\spaceship.unsuccessfulbuild" because "AlwaysCreate" was specified.
       ClCompile:
         C:\Program Files (x86)\Microsoft Visual Studio 10.0\VC\bin\CL.exe /c /I"C:\Program Files\Microsoft Platform SDK\Include" /I"C:\Program Files (x86)\NVIDIA Corporation\Cg\include" /ZI /nologo /W3 /WX- /Od /Oy- /D WIN32 /D _DEBUG /D _CONSOLE /D _UNICODE /D UNICODE /Gm /EHsc /RTC1 /MDd /GS /fp:precise /Zc:wchar_t /Zc:forScope /Fo"Debug\\" /Fd"Debug\vc100.pdb" /Gd /TC /analyze- /errorReport:prompt Q2.c
         Q2.c
     1>c:\users\me\documents\important\school\y2s2\comp308\env\comp308-assignment-3\part2\q2\spaceship\q2.c(58): warning C4101: 'i' : unreferenced local variable
     1>c:\users\me\documents\important\school\y2s2\comp308\env\comp308-assignment-3\part2\q2\spaceship\q2.c(136): warning C4996: 'fopen': This function or variable may be unsafe. Consider using fopen_s instead. To disable deprecation, use _CRT_SECURE_NO_WARNINGS. See online help for details.
                 c:\program files (x86)\microsoft visual studio 10.0\vc\include\stdio.h(234) : see declaration of 'fopen'
     1>c:\users\me\documents\important\school\y2s2\comp308\env\comp308-assignment-3\part2\q2\spaceship\q2.c(140): warning C4047: 'return' : 'GLuint' differs in levels of indirection from 'void *'
       ManifestResourceCompile:
         All outputs are up-to-date.
       Link:
         C:\Program Files (x86)\Microsoft Visual Studio 10.0\VC\bin\link.exe /ERRORREPORT:PROMPT /OUT:"C:\Users\Me\Documents\Important\School\y2s2\COMP308\Env\COMP308-Assignment-3\PART2\Q2\Debug\spaceship.exe" /INCREMENTAL /NOLOGO /LIBPATH:"C:\Program Files\Microsoft Platform SDK\Lib" /LIBPATH:"C:\Program Files (x86)\NVIDIA Corporation\Cg\lib" kernel32.lib user32.lib gdi32.lib winspool.lib comdlg32.lib advapi32.lib shell32.lib ole32.lib oleaut32.lib uuid.lib odbc32.lib odbccp32.lib /MANIFEST /ManifestFile:"Debug\spaceship.exe.intermediate.manifest" /MANIFESTUAC:"level='asInvoker' uiAccess='false'" /DEBUG /PDB:"C:\Users\Me\Documents\Important\School\y2s2\COMP308\Env\COMP308-Assignment-3\PART2\Q2\Debug\spaceship.pdb" /SUBSYSTEM:CONSOLE /TLBID:1 /DYNAMICBASE /NXCOMPAT /IMPLIB:"C:\Users\Me\Documents\Important\School\y2s2\COMP308\Env\COMP308-Assignment-3\PART2\Q2\Debug\spaceship.lib" /MACHINE:X86 Debug\spaceship.exe.embed.manifest.res
         Debug\Q2.obj
       Manifest:
         C:\Program Files (x86)\Microsoft SDKs\Windows\v7.0A\bin\mt.exe /nologo /verbose /out:"Debug\spaceship.exe.embed.manifest" /manifest Debug\spaceship.exe.intermediate.manifest
         All outputs are up-to-date.
       LinkEmbedManifest:
         All outputs are up-to-date.
         spaceship.vcxproj -> C:\Users\Me\Documents\Important\School\y2s2\COMP308\Env\COMP308-Assignment-3\PART2\Q2\Debug\spaceship.exe
       FinalizeBuildStatus:
         Deleting file "Debug\spaceship.unsuccessfulbuild".
         Touching "Debug\spaceship.lastbuildstate".
     1>Done Building Project "C:\Users\Me\Documents\Important\School\y2s2\COMP308\Env\COMP308-Assignment-3\PART2\Q2\spaceship\spaceship.vcxproj" (build target(s)).

Build succeeded.

Time Elapsed 00:00:01.14
